-------------------------------------------------------------------------------
Test set: com.marcosync.testcontainers.sybase.ApplicationTest
-------------------------------------------------------------------------------
Tests run: 1, Failures: 0, Errors: 1, Skipped: 0, Time elapsed: 9.479 s <<< FAILURE! - in com.marcosync.testcontainers.sybase.ApplicationTest
contextLoads  Time elapsed: 0.002 s  <<< ERROR!
java.lang.IllegalStateException: Failed to load ApplicationContext
Caused by: org.springframework.beans.factory.BeanCreationException: Error creating bean with name 'entityManagerFactory' defined in class path resource [org/springframework/boot/autoconfigure/orm/jpa/HibernateJpaConfiguration.class]: Invocation of init method failed; nested exception is javax.persistence.PersistenceException: [PersistenceUnit: default] Unable to build Hibernate SessionFactory; nested exception is org.hibernate.exception.LockTimeoutException: Unable to open JDBC Connection for DDL execution
Caused by: javax.persistence.PersistenceException: [PersistenceUnit: default] Unable to build Hibernate SessionFactory; nested exception is org.hibernate.exception.LockTimeoutException: Unable to open JDBC Connection for DDL execution
Caused by: org.hibernate.exception.LockTimeoutException: Unable to open JDBC Connection for DDL execution
Caused by: java.sql.SQLException: JZ006: Caught IOException: java.net.ConnectException: Connection refused (Connection refused)

